<?xml version="1.0" encoding="UTF-8"?>
<!-- Generated by org.testng.reporters.JUnitXMLReporter -->
<testsuite ignored="4" hostname="Jithendra" failures="0" tests="2" name="Test" time="12.296" errors="0" timestamp="2025-05-06T21:09:59 IST">
  <testcase classname="test.LoginTest" name="loginTestCase" time="2.454"/>
  <testcase classname="test.LogoutTest" name="logoutTestCase" time="1.976"/>
  <testcase classname="generic.BaseTest" name="@BeforeSuite createExtentReport" time="0.0">
    <ignored/>
  </testcase> <!-- @BeforeSuite createExtentReport -->
  <testcase classname="generic.BaseTest" name="@AfterSuite flushReport" time="0.0">
    <ignored/>
  </testcase> <!-- @AfterSuite flushReport -->
  <testcase classname="generic.BaseTest" name="@BeforeTest launchBrowser" time="0.0">
    <ignored/>
  </testcase> <!-- @BeforeTest launchBrowser -->
  <testcase classname="generic.BaseTest" name="@AfterTest closeBroser" time="0.0">
    <ignored/>
  </testcase> <!-- @AfterTest closeBroser -->
</testsuite> <!-- Test -->
